{"/Users/alex/Projects/fubattle/packages/movement/src/domain/Movement.ts": {"path":"/Users/alex/Projects/fubattle/packages/movement/src/domain/Movement.ts","statementMap":{"0":{"start":{"line":1,"column":0},"end":{"line":1,"column":51}},"1":{"start":{"line":14,"column":8},"end":{"line":14,"column":39}},"2":{"start":{"line":15,"column":8},"end":{"line":15,"column":30}},"3":{"start":{"line":9,"column":0},"end":{"line":17,"column":1}},"4":{"start":{"line":24,"column":8},"end":{"line":24,"column":39}},"5":{"start":{"line":25,"column":8},"end":{"line":25,"column":30}},"6":{"start":{"line":19,"column":0},"end":{"line":27,"column":1}},"7":{"start":{"line":38,"column":11},"end":{"line":38,"column":101}},"8":{"start":{"line":41,"column":8},"end":{"line":51,"column":27}},"9":{"start":{"line":43,"column":16},"end":{"line":43,"column":47}},"10":{"start":{"line":44,"column":16},"end":{"line":44,"column":43}},"11":{"start":{"line":45,"column":16},"end":{"line":45,"column":36}},"12":{"start":{"line":48,"column":16},"end":{"line":48,"column":46}},"13":{"start":{"line":49,"column":16},"end":{"line":49,"column":35}},"14":{"start":{"line":55,"column":8},"end":{"line":55,"column":37}},"15":{"start":{"line":36,"column":0},"end":{"line":58,"column":1}}},"fnMap":{"0":{"name":"(anonymous_0)","decl":{"start":{"line":13,"column":4},"end":{"line":13,"column":15}},"loc":{"start":{"line":13,"column":58},"end":{"line":16,"column":5}}},"1":{"name":"(anonymous_1)","decl":{"start":{"line":23,"column":4},"end":{"line":23,"column":15}},"loc":{"start":{"line":23,"column":58},"end":{"line":26,"column":5}}},"2":{"name":"(anonymous_2)","decl":{"start":{"line":40,"column":4},"end":{"line":40,"column":15}},"loc":{"start":{"line":40,"column":35},"end":{"line":52,"column":5}}},"3":{"name":"(anonymous_3)","decl":{"start":{"line":42,"column":43},"end":{"line":42,"column":73}},"loc":{"start":{"line":42,"column":100},"end":{"line":46,"column":13}}},"4":{"name":"(anonymous_4)","decl":{"start":{"line":47,"column":43},"end":{"line":47,"column":73}},"loc":{"start":{"line":47,"column":100},"end":{"line":50,"column":13}}},"5":{"name":"(anonymous_5)","decl":{"start":{"line":54,"column":11},"end":{"line":54,"column":17}},"loc":{"start":{"line":54,"column":18},"end":{"line":56,"column":5}}}},"branchMap":{},"s":{"0":1,"1":1,"2":1,"3":1,"4":1,"5":1,"6":1,"7":2,"8":2,"9":2,"10":2,"11":2,"12":1,"13":1,"14":2,"15":1},"f":{"0":1,"1":1,"2":2,"3":2,"4":1,"5":2},"b":{}}
}
