{"/Users/alex/Projects/fubattle/packages/movement/src/domain/Movement.ts": {"path":"/Users/alex/Projects/fubattle/packages/movement/src/domain/Movement.ts","statementMap":{"0":{"start":{"line":1,"column":0},"end":{"line":1,"column":51}},"1":{"start":{"line":14,"column":8},"end":{"line":14,"column":39}},"2":{"start":{"line":15,"column":8},"end":{"line":15,"column":30}},"3":{"start":{"line":9,"column":0},"end":{"line":17,"column":1}},"4":{"start":{"line":28,"column":11},"end":{"line":28,"column":101}},"5":{"start":{"line":31,"column":8},"end":{"line":37,"column":27}},"6":{"start":{"line":33,"column":16},"end":{"line":33,"column":47}},"7":{"start":{"line":34,"column":16},"end":{"line":34,"column":43}},"8":{"start":{"line":35,"column":16},"end":{"line":35,"column":36}},"9":{"start":{"line":41,"column":8},"end":{"line":41,"column":37}},"10":{"start":{"line":26,"column":0},"end":{"line":44,"column":1}}},"fnMap":{"0":{"name":"(anonymous_0)","decl":{"start":{"line":13,"column":4},"end":{"line":13,"column":15}},"loc":{"start":{"line":13,"column":58},"end":{"line":16,"column":5}}},"1":{"name":"(anonymous_1)","decl":{"start":{"line":30,"column":4},"end":{"line":30,"column":15}},"loc":{"start":{"line":30,"column":35},"end":{"line":38,"column":5}}},"2":{"name":"(anonymous_2)","decl":{"start":{"line":32,"column":43},"end":{"line":32,"column":73}},"loc":{"start":{"line":32,"column":100},"end":{"line":36,"column":13}}},"3":{"name":"(anonymous_3)","decl":{"start":{"line":40,"column":11},"end":{"line":40,"column":17}},"loc":{"start":{"line":40,"column":18},"end":{"line":42,"column":5}}}},"branchMap":{},"s":{"0":1,"1":1,"2":1,"3":1,"4":1,"5":1,"6":1,"7":1,"8":1,"9":1,"10":1},"f":{"0":1,"1":1,"2":1,"3":1},"b":{}}
}
