{"/Users/alex/Projects/mono/fubattle/packages/cqrs-common/src/event/publisher/EventPublisher.ts": {"path":"/Users/alex/Projects/mono/fubattle/packages/cqrs-common/src/event/publisher/EventPublisher.ts","statementMap":{"0":{"start":{"line":1,"column":0},"end":{"line":1,"column":35}},"1":{"start":{"line":4,"column":11},"end":{"line":4,"column":45}},"2":{"start":{"line":6,"column":11},"end":{"line":10,"column":5}},"3":{"start":{"line":7,"column":8},"end":{"line":7,"column":43}},"4":{"start":{"line":8,"column":26},"end":{"line":8,"column":48}},"5":{"start":{"line":9,"column":8},"end":{"line":9,"column":49}},"6":{"start":{"line":13,"column":8},"end":{"line":13,"column":42}},"7":{"start":{"line":14,"column":8},"end":{"line":14,"column":20}},"8":{"start":{"line":18,"column":8},"end":{"line":18,"column":53}},"9":{"start":{"line":19,"column":8},"end":{"line":19,"column":20}},"10":{"start":{"line":3,"column":0},"end":{"line":22,"column":1}}},"fnMap":{"0":{"name":"(anonymous_0)","decl":{"start":{"line":3,"column":0},"end":{"line":null,"column":-1}},"loc":{"start":{"line":3,"column":0},"end":{"line":22,"column":1}}},"1":{"name":"(anonymous_1)","decl":{"start":{"line":6,"column":21},"end":{"line":6,"column":22}},"loc":{"start":{"line":6,"column":36},"end":{"line":10,"column":5}}},"2":{"name":"(anonymous_2)","decl":{"start":{"line":12,"column":11},"end":{"line":12,"column":15}},"loc":{"start":{"line":12,"column":45},"end":{"line":15,"column":5}}},"3":{"name":"(anonymous_3)","decl":{"start":{"line":17,"column":11},"end":{"line":17,"column":12}},"loc":{"start":{"line":17,"column":57},"end":{"line":20,"column":5}}}},"branchMap":{},"s":{"0":1,"1":1,"2":1,"3":3,"4":3,"5":3,"6":1,"7":1,"8":2,"9":2,"10":1},"f":{"0":1,"1":3,"2":1,"3":2},"b":{}}
,"/Users/alex/Projects/mono/fubattle/packages/cqrs-common/src/event/store/EventDontContainAggregateId.ts": {"path":"/Users/alex/Projects/mono/fubattle/packages/cqrs-common/src/event/store/EventDontContainAggregateId.ts","statementMap":{"0":{"start":{"line":2,"column":4},"end":{"line":2,"column":49}},"1":{"start":{"line":6,"column":8},"end":{"line":6,"column":35}},"2":{"start":{"line":7,"column":8},"end":{"line":7,"column":67}},"3":{"start":{"line":1,"column":0},"end":{"line":9,"column":1}}},"fnMap":{"0":{"name":"(anonymous_0)","decl":{"start":{"line":5,"column":4},"end":{"line":5,"column":15}},"loc":{"start":{"line":5,"column":33},"end":{"line":8,"column":5}}}},"branchMap":{},"s":{"0":1,"1":1,"2":1,"3":1},"f":{"0":1},"b":{}}
,"/Users/alex/Projects/mono/fubattle/packages/cqrs-common/src/event/store/EventStore.ts": {"path":"/Users/alex/Projects/mono/fubattle/packages/cqrs-common/src/event/store/EventStore.ts","statementMap":{"0":{"start":{"line":1,"column":0},"end":{"line":1,"column":73}},"1":{"start":{"line":5,"column":11},"end":{"line":5,"column":30}},"2":{"start":{"line":7,"column":11},"end":{"line":12,"column":5}},"3":{"start":{"line":8,"column":8},"end":{"line":10,"column":9}},"4":{"start":{"line":9,"column":12},"end":{"line":9,"column":74}},"5":{"start":{"line":11,"column":8},"end":{"line":11,"column":32}},"6":{"start":{"line":15,"column":8},"end":{"line":17,"column":11}},"7":{"start":{"line":16,"column":12},"end":{"line":16,"column":62}},"8":{"start":{"line":4,"column":0},"end":{"line":19,"column":1}}},"fnMap":{"0":{"name":"(anonymous_0)","decl":{"start":{"line":4,"column":0},"end":{"line":null,"column":-1}},"loc":{"start":{"line":4,"column":0},"end":{"line":19,"column":1}}},"1":{"name":"(anonymous_1)","decl":{"start":{"line":7,"column":19},"end":{"line":7,"column":20}},"loc":{"start":{"line":7,"column":41},"end":{"line":12,"column":5}}},"2":{"name":"(anonymous_2)","decl":{"start":{"line":14,"column":11},"end":{"line":14,"column":30}},"loc":{"start":{"line":14,"column":48},"end":{"line":18,"column":5}}},"3":{"name":"(anonymous_3)","decl":{"start":{"line":15,"column":34},"end":{"line":15,"column":35}},"loc":{"start":{"line":15,"column":44},"end":{"line":17,"column":9}}}},"branchMap":{"0":{"loc":{"start":{"line":8,"column":8},"end":{"line":10,"column":9}},"type":"if","locations":[{"start":{"line":8,"column":8},"end":{"line":10,"column":9}},{"start":{"line":8,"column":8},"end":{"line":10,"column":9}}]}},"s":{"0":1,"1":3,"2":3,"3":5,"4":1,"5":4,"6":2,"7":4,"8":1},"f":{"0":3,"1":5,"2":2,"3":4},"b":{"0":[1,4]}}
,"/Users/alex/Projects/mono/fubattle/packages/cqrs-common/src/model/ValueType.ts": {"path":"/Users/alex/Projects/mono/fubattle/packages/cqrs-common/src/model/ValueType.ts","statementMap":{"0":{"start":{"line":6,"column":8},"end":{"line":8,"column":9}},"1":{"start":{"line":7,"column":12},"end":{"line":7,"column":25}},"2":{"start":{"line":10,"column":8},"end":{"line":10,"column":52}},"3":{"start":{"line":1,"column":0},"end":{"line":15,"column":1}}},"fnMap":{"0":{"name":"(anonymous_0)","decl":{"start":{"line":3,"column":4},"end":{"line":3,"column":17}},"loc":{"start":{"line":3,"column":4},"end":{"line":3,"column":19}}},"1":{"name":"(anonymous_1)","decl":{"start":{"line":5,"column":11},"end":{"line":5,"column":16}},"loc":{"start":{"line":5,"column":28},"end":{"line":11,"column":5}}}},"branchMap":{"0":{"loc":{"start":{"line":6,"column":8},"end":{"line":8,"column":9}},"type":"if","locations":[{"start":{"line":6,"column":8},"end":{"line":8,"column":9}},{"start":{"line":6,"column":8},"end":{"line":8,"column":9}}]}},"s":{"0":7,"1":1,"2":6,"3":2},"f":{"0":8,"1":7},"b":{"0":[1,6]}}
,"/Users/alex/Projects/mono/fubattle/packages/cqrs-common/src/projection/DecisionProjection.ts": {"path":"/Users/alex/Projects/mono/fubattle/packages/cqrs-common/src/projection/DecisionProjection.ts","statementMap":{"0":{"start":{"line":5,"column":11},"end":{"line":5,"column":30}},"1":{"start":{"line":6,"column":12},"end":{"line":6,"column":31}},"2":{"start":{"line":9,"column":8},"end":{"line":9,"column":47}},"3":{"start":{"line":10,"column":8},"end":{"line":10,"column":20}},"4":{"start":{"line":14,"column":8},"end":{"line":17,"column":9}},"5":{"start":{"line":15,"column":12},"end":{"line":15,"column":85}},"6":{"start":{"line":15,"column":49},"end":{"line":15,"column":83}},"7":{"start":{"line":16,"column":12},"end":{"line":16,"column":24}},"8":{"start":{"line":19,"column":22},"end":{"line":19,"column":28}},"9":{"start":{"line":20,"column":25},"end":{"line":20,"column":47}},"10":{"start":{"line":22,"column":24},"end":{"line":22,"column":47}},"11":{"start":{"line":23,"column":8},"end":{"line":25,"column":9}},"12":{"start":{"line":24,"column":12},"end":{"line":24,"column":44}},"13":{"start":{"line":27,"column":8},"end":{"line":27,"column":20}},"14":{"start":{"line":3,"column":0},"end":{"line":29,"column":1}}},"fnMap":{"0":{"name":"(anonymous_0)","decl":{"start":{"line":3,"column":0},"end":{"line":null,"column":-1}},"loc":{"start":{"line":3,"column":0},"end":{"line":29,"column":1}}},"1":{"name":"(anonymous_1)","decl":{"start":{"line":8,"column":11},"end":{"line":8,"column":18}},"loc":{"start":{"line":8,"column":64},"end":{"line":11,"column":5}}},"2":{"name":"(anonymous_2)","decl":{"start":{"line":13,"column":11},"end":{"line":13,"column":15}},"loc":{"start":{"line":13,"column":50},"end":{"line":28,"column":5}}},"3":{"name":"(anonymous_3)","decl":{"start":{"line":15,"column":27},"end":{"line":15,"column":28}},"loc":{"start":{"line":15,"column":49},"end":{"line":15,"column":83}}}},"branchMap":{"0":{"loc":{"start":{"line":14,"column":8},"end":{"line":17,"column":9}},"type":"if","locations":[{"start":{"line":14,"column":8},"end":{"line":17,"column":9}},{"start":{"line":14,"column":8},"end":{"line":17,"column":9}}]},"1":{"loc":{"start":{"line":23,"column":8},"end":{"line":25,"column":9}},"type":"if","locations":[{"start":{"line":23,"column":8},"end":{"line":25,"column":9}},{"start":{"line":23,"column":8},"end":{"line":25,"column":9}}]}},"s":{"0":3,"1":3,"2":3,"3":3,"4":5,"5":1,"6":2,"7":1,"8":4,"9":4,"10":4,"11":4,"12":3,"13":4,"14":1},"f":{"0":3,"1":3,"2":5,"3":2},"b":{"0":[1,4],"1":[3,1]}}
,"/Users/alex/Projects/mono/fubattle/packages/cqrs-common/src/utils/IdGenerator.ts": {"path":"/Users/alex/Projects/mono/fubattle/packages/cqrs-common/src/utils/IdGenerator.ts","statementMap":{"0":{"start":{"line":1,"column":0},"end":{"line":1,"column":33}},"1":{"start":{"line":5,"column":8},"end":{"line":5,"column":24}},"2":{"start":{"line":3,"column":0},"end":{"line":7,"column":1}}},"fnMap":{"0":{"name":"(anonymous_0)","decl":{"start":{"line":4,"column":11},"end":{"line":4,"column":16}},"loc":{"start":{"line":4,"column":26},"end":{"line":6,"column":5}}}},"branchMap":{},"s":{"0":1,"1":2,"2":1},"f":{"0":2},"b":{}}
}
