{"/Users/alex/Projects/mono/fubattle/packages/cqrs-common/src/event/publisher/EventPublisher.ts": {"path":"/Users/alex/Projects/mono/fubattle/packages/cqrs-common/src/event/publisher/EventPublisher.ts","statementMap":{"0":{"start":{"line":1,"column":0},"end":{"line":1,"column":35}},"1":{"start":{"line":3,"column":0},"end":{"line":22,"column":0}},"2":{"start":{"line":4,"column":11},"end":{"line":4,"column":45}},"3":{"start":{"line":6,"column":11},"end":{"line":10,"column":5}},"4":{"start":{"line":7,"column":8},"end":{"line":7,"column":43}},"5":{"start":{"line":8,"column":26},"end":{"line":8,"column":48}},"6":{"start":{"line":9,"column":8},"end":{"line":9,"column":49}},"7":{"start":{"line":12,"column":11},"end":{"line":15,"column":5}},"8":{"start":{"line":13,"column":8},"end":{"line":13,"column":42}},"9":{"start":{"line":14,"column":8},"end":{"line":14,"column":20}},"10":{"start":{"line":17,"column":11},"end":{"line":20,"column":5}},"11":{"start":{"line":18,"column":8},"end":{"line":18,"column":53}},"12":{"start":{"line":19,"column":8},"end":{"line":19,"column":20}},"13":{"start":{"line":22,"column":0},"end":{"line":22,"column":1}},"14":{"start":{"line":3,"column":13},"end":{"line":3,"column":27}}},"fnMap":{"0":{"name":"(anonymous_0)","decl":{"start":{"line":3,"column":0},"end":{"line":null,"column":-1}},"loc":{"start":{"line":3,"column":0},"end":{"line":3,"column":-1}}},"1":{"name":"(anonymous_2)","decl":{"start":{"line":6,"column":21},"end":{"line":6,"column":21}},"loc":{"start":{"line":6,"column":32},"end":{"line":10,"column":5}}},"2":{"name":"(anonymous_3)","decl":{"start":{"line":12,"column":4},"end":{"line":12,"column":16}},"loc":{"start":{"line":12,"column":44},"end":{"line":15,"column":5}}},"3":{"name":"(anonymous_4)","decl":{"start":{"line":17,"column":4},"end":{"line":17,"column":13}},"loc":{"start":{"line":17,"column":57},"end":{"line":20,"column":5}}}},"branchMap":{},"s":{"0":1,"1":2,"2":1,"3":1,"4":3,"5":3,"6":3,"7":1,"8":1,"9":1,"10":1,"11":2,"12":2,"13":1,"14":1},"f":{"0":2,"1":3,"2":1,"3":2},"b":{}}
,"/Users/alex/Projects/mono/fubattle/packages/cqrs-common/src/event/store/EventDontContainAggregateId.ts": {"path":"/Users/alex/Projects/mono/fubattle/packages/cqrs-common/src/event/store/EventDontContainAggregateId.ts","statementMap":{"0":{"start":{"line":1,"column":0},"end":{"line":9,"column":0}},"1":{"start":{"line":2,"column":4},"end":{"line":2,"column":49}},"2":{"start":{"line":6,"column":8},"end":{"line":6,"column":35}},"3":{"start":{"line":7,"column":8},"end":{"line":7,"column":67}},"4":{"start":{"line":9,"column":0},"end":{"line":9,"column":1}},"5":{"start":{"line":1,"column":13},"end":{"line":1,"column":40}}},"fnMap":{"0":{"name":"(anonymous_0)","decl":{"start":{"line":1,"column":0},"end":{"line":null,"column":-1}},"loc":{"start":{"line":1,"column":0},"end":{"line":1,"column":-1}}},"1":{"name":"EventDontContainAggregateId","decl":{"start":{"line":5,"column":4},"end":{"line":5,"column":15}},"loc":{"start":{"line":5,"column":33},"end":{"line":8,"column":5}}}},"branchMap":{},"s":{"0":1,"1":1,"2":1,"3":1,"4":1,"5":1},"f":{"0":1,"1":1},"b":{}}
,"/Users/alex/Projects/mono/fubattle/packages/cqrs-common/src/event/store/EventStore.ts": {"path":"/Users/alex/Projects/mono/fubattle/packages/cqrs-common/src/event/store/EventStore.ts","statementMap":{"0":{"start":{"line":1,"column":0},"end":{"line":1,"column":73}},"1":{"start":{"line":3,"column":0},"end":{"line":18,"column":0}},"2":{"start":{"line":4,"column":11},"end":{"line":4,"column":30}},"3":{"start":{"line":6,"column":11},"end":{"line":11,"column":5}},"4":{"start":{"line":7,"column":8},"end":{"line":9,"column":9}},"5":{"start":{"line":8,"column":12},"end":{"line":8,"column":74}},"6":{"start":{"line":10,"column":8},"end":{"line":10,"column":32}},"7":{"start":{"line":13,"column":11},"end":{"line":17,"column":5}},"8":{"start":{"line":14,"column":8},"end":{"line":16,"column":11}},"9":{"start":{"line":15,"column":12},"end":{"line":15,"column":62}},"10":{"start":{"line":18,"column":0},"end":{"line":18,"column":1}},"11":{"start":{"line":3,"column":13},"end":{"line":3,"column":23}}},"fnMap":{"0":{"name":"(anonymous_0)","decl":{"start":{"line":3,"column":0},"end":{"line":null,"column":-1}},"loc":{"start":{"line":3,"column":0},"end":{"line":3,"column":-1}}},"1":{"name":"(anonymous_2)","decl":{"start":{"line":6,"column":19},"end":{"line":6,"column":19}},"loc":{"start":{"line":6,"column":30},"end":{"line":11,"column":5}}},"2":{"name":"(anonymous_3)","decl":{"start":{"line":13,"column":4},"end":{"line":13,"column":31}},"loc":{"start":{"line":13,"column":48},"end":{"line":17,"column":5}}},"3":{"name":"(anonymous_4)","decl":{"start":{"line":14,"column":34},"end":{"line":14,"column":34}},"loc":{"start":{"line":14,"column":40},"end":{"line":16,"column":9}}}},"branchMap":{"0":{"loc":{"start":{"line":7,"column":8},"end":{"line":9,"column":9}},"type":"if","locations":[{"start":{"line":7,"column":8},"end":{"line":9,"column":9}},{"start":{"line":7,"column":8},"end":{"line":9,"column":9}}]}},"s":{"0":1,"1":4,"2":3,"3":3,"4":5,"5":1,"6":4,"7":1,"8":2,"9":4,"10":1,"11":1},"f":{"0":4,"1":5,"2":2,"3":4},"b":{"0":[1,4]}}
,"/Users/alex/Projects/mono/fubattle/packages/cqrs-common/src/model/ValueType.ts": {"path":"/Users/alex/Projects/mono/fubattle/packages/cqrs-common/src/model/ValueType.ts","statementMap":{"0":{"start":{"line":1,"column":0},"end":{"line":13,"column":0}},"1":{"start":{"line":3,"column":11},"end":{"line":9,"column":5}},"2":{"start":{"line":4,"column":8},"end":{"line":6,"column":9}},"3":{"start":{"line":5,"column":12},"end":{"line":5,"column":25}},"4":{"start":{"line":8,"column":8},"end":{"line":8,"column":52}},"5":{"start":{"line":13,"column":0},"end":{"line":13,"column":1}},"6":{"start":{"line":1,"column":22},"end":{"line":1,"column":31}}},"fnMap":{"0":{"name":"(anonymous_0)","decl":{"start":{"line":1,"column":0},"end":{"line":null,"column":-1}},"loc":{"start":{"line":1,"column":0},"end":{"line":1,"column":-1}}},"1":{"name":"(anonymous_2)","decl":{"start":{"line":3,"column":4},"end":{"line":3,"column":17}},"loc":{"start":{"line":3,"column":28},"end":{"line":9,"column":5}}}},"branchMap":{"0":{"loc":{"start":{"line":4,"column":8},"end":{"line":6,"column":9}},"type":"if","locations":[{"start":{"line":4,"column":8},"end":{"line":6,"column":9}},{"start":{"line":4,"column":8},"end":{"line":6,"column":9}}]}},"s":{"0":2,"1":2,"2":7,"3":1,"4":6,"5":2,"6":2},"f":{"0":10,"1":7},"b":{"0":[1,6]}}
,"/Users/alex/Projects/mono/fubattle/packages/cqrs-common/src/projection/DecisionProjection.ts": {"path":"/Users/alex/Projects/mono/fubattle/packages/cqrs-common/src/projection/DecisionProjection.ts","statementMap":{"0":{"start":{"line":1,"column":0},"end":{"line":27,"column":0}},"1":{"start":{"line":3,"column":11},"end":{"line":3,"column":30}},"2":{"start":{"line":4,"column":12},"end":{"line":4,"column":31}},"3":{"start":{"line":6,"column":11},"end":{"line":9,"column":5}},"4":{"start":{"line":7,"column":8},"end":{"line":7,"column":47}},"5":{"start":{"line":8,"column":8},"end":{"line":8,"column":20}},"6":{"start":{"line":11,"column":11},"end":{"line":26,"column":5}},"7":{"start":{"line":11,"column":4},"end":{"line":26,"column":4}},"8":{"start":{"line":12,"column":8},"end":{"line":15,"column":9}},"9":{"start":{"line":13,"column":12},"end":{"line":13,"column":85}},"10":{"start":{"line":13,"column":49},"end":{"line":13,"column":83}},"11":{"start":{"line":14,"column":12},"end":{"line":14,"column":24}},"12":{"start":{"line":17,"column":22},"end":{"line":17,"column":28}},"13":{"start":{"line":18,"column":25},"end":{"line":18,"column":47}},"14":{"start":{"line":20,"column":24},"end":{"line":20,"column":47}},"15":{"start":{"line":21,"column":8},"end":{"line":23,"column":9}},"16":{"start":{"line":22,"column":12},"end":{"line":22,"column":44}},"17":{"start":{"line":25,"column":8},"end":{"line":25,"column":20}},"18":{"start":{"line":27,"column":0},"end":{"line":27,"column":1}},"19":{"start":{"line":1,"column":13},"end":{"line":1,"column":31}}},"fnMap":{"0":{"name":"(anonymous_0)","decl":{"start":{"line":1,"column":0},"end":{"line":null,"column":-1}},"loc":{"start":{"line":1,"column":0},"end":{"line":1,"column":-1}}},"1":{"name":"(anonymous_2)","decl":{"start":{"line":6,"column":4},"end":{"line":6,"column":19}},"loc":{"start":{"line":6,"column":64},"end":{"line":9,"column":5}}},"2":{"name":"(anonymous_3)","decl":{"start":{"line":11,"column":4},"end":{"line":11,"column":16}},"loc":{"start":{"line":11,"column":36},"end":{"line":26,"column":5}}},"3":{"name":"(anonymous_4)","decl":{"start":{"line":13,"column":27},"end":{"line":13,"column":27}},"loc":{"start":{"line":13,"column":44},"end":{"line":13,"column":83}}}},"branchMap":{"0":{"loc":{"start":{"line":12,"column":8},"end":{"line":15,"column":9}},"type":"if","locations":[{"start":{"line":12,"column":8},"end":{"line":15,"column":9}},{"start":{"line":12,"column":8},"end":{"line":15,"column":9}}]},"1":{"loc":{"start":{"line":21,"column":8},"end":{"line":23,"column":9}},"type":"if","locations":[{"start":{"line":21,"column":8},"end":{"line":23,"column":9}},{"start":{"line":21,"column":8},"end":{"line":23,"column":9}}]}},"s":{"0":1,"1":3,"2":3,"3":1,"4":3,"5":3,"6":1,"7":5,"8":5,"9":1,"10":2,"11":1,"12":4,"13":4,"14":4,"15":4,"16":3,"17":4,"18":1,"19":1},"f":{"0":4,"1":3,"2":5,"3":2},"b":{"0":[1,4],"1":[3,1]}}
,"/Users/alex/Projects/mono/fubattle/packages/cqrs-common/src/utils/IdGenerator.ts": {"path":"/Users/alex/Projects/mono/fubattle/packages/cqrs-common/src/utils/IdGenerator.ts","statementMap":{"0":{"start":{"line":1,"column":0},"end":{"line":1,"column":33}},"1":{"start":{"line":3,"column":0},"end":{"line":7,"column":0}},"2":{"start":{"line":4,"column":18},"end":{"line":6,"column":5}},"3":{"start":{"line":5,"column":8},"end":{"line":5,"column":24}},"4":{"start":{"line":7,"column":0},"end":{"line":7,"column":1}},"5":{"start":{"line":3,"column":13},"end":{"line":3,"column":24}}},"fnMap":{"0":{"name":"(anonymous_0)","decl":{"start":{"line":3,"column":0},"end":{"line":null,"column":-1}},"loc":{"start":{"line":3,"column":0},"end":{"line":3,"column":-1}}},"1":{"name":"(anonymous_2)","decl":{"start":{"line":4,"column":4},"end":{"line":null,"column":-1}},"loc":{"start":{"line":4,"column":4},"end":{"line":6,"column":5}}}},"branchMap":{},"s":{"0":1,"1":1,"2":1,"3":2,"4":1,"5":1},"f":{"0":1,"1":2},"b":{}}
}
