{"/Users/alex/Projects/mono/fubattle/packages/attributes/src/domain/CharacterAttributes.ts": {"path":"/Users/alex/Projects/mono/fubattle/packages/attributes/src/domain/CharacterAttributes.ts","statementMap":{"0":{"start":{"line":1,"column":0},"end":{"line":1,"column":51}},"1":{"start":{"line":2,"column":0},"end":{"line":2,"column":65}},"2":{"start":{"line":24,"column":12},"end":{"line":24,"column":72}},"3":{"start":{"line":26,"column":8},"end":{"line":45,"column":27}},"4":{"start":{"line":28,"column":16},"end":{"line":28,"column":51}},"5":{"start":{"line":29,"column":16},"end":{"line":29,"column":47}},"6":{"start":{"line":30,"column":16},"end":{"line":33,"column":18}},"7":{"start":{"line":34,"column":16},"end":{"line":38,"column":18}},"8":{"start":{"line":39,"column":16},"end":{"line":43,"column":18}},"9":{"start":{"line":49,"column":8},"end":{"line":49,"column":37}},"10":{"start":{"line":23,"column":0},"end":{"line":51,"column":1}}},"fnMap":{"0":{"name":"(anonymous_0)","decl":{"start":{"line":25,"column":4},"end":{"line":25,"column":15}},"loc":{"start":{"line":25,"column":29},"end":{"line":47,"column":5}}},"1":{"name":"(anonymous_1)","decl":{"start":{"line":27,"column":40},"end":{"line":27,"column":76}},"loc":{"start":{"line":27,"column":98},"end":{"line":44,"column":13}}},"2":{"name":"(anonymous_2)","decl":{"start":{"line":48,"column":4},"end":{"line":48,"column":10}},"loc":{"start":{"line":48,"column":11},"end":{"line":50,"column":5}}}},"branchMap":{},"s":{"0":1,"1":1,"2":1,"3":1,"4":1,"5":1,"6":1,"7":1,"8":1,"9":1,"10":1},"f":{"0":1,"1":1,"2":1},"b":{}}
}
