{"/Users/alex/Projects/mono/fubattle/packages/character/src/domain/Character.ts": {"path":"/Users/alex/Projects/mono/fubattle/packages/character/src/domain/Character.ts","statementMap":{"0":{"start":{"line":1,"column":0},"end":{"line":1,"column":75}},"1":{"start":{"line":9,"column":8},"end":{"line":9,"column":16}},"2":{"start":{"line":10,"column":8},"end":{"line":10,"column":21}},"3":{"start":{"line":14,"column":8},"end":{"line":14,"column":39}},"4":{"start":{"line":5,"column":0},"end":{"line":16,"column":1}},"5":{"start":{"line":33,"column":8},"end":{"line":33,"column":29}},"6":{"start":{"line":34,"column":8},"end":{"line":34,"column":39}},"7":{"start":{"line":38,"column":8},"end":{"line":38,"column":32}},"8":{"start":{"line":28,"column":0},"end":{"line":40,"column":1}},"9":{"start":{"line":46,"column":8},"end":{"line":46,"column":39}},"10":{"start":{"line":50,"column":8},"end":{"line":50,"column":32}},"11":{"start":{"line":42,"column":0},"end":{"line":52,"column":1}},"12":{"start":{"line":61,"column":8},"end":{"line":61,"column":29}},"13":{"start":{"line":62,"column":8},"end":{"line":62,"column":25}},"14":{"start":{"line":63,"column":8},"end":{"line":63,"column":35}},"15":{"start":{"line":64,"column":8},"end":{"line":64,"column":39}},"16":{"start":{"line":68,"column":8},"end":{"line":68,"column":32}},"17":{"start":{"line":54,"column":0},"end":{"line":70,"column":1}},"18":{"start":{"line":73,"column":12},"end":{"line":73,"column":67}},"19":{"start":{"line":76,"column":8},"end":{"line":93,"column":27}},"20":{"start":{"line":78,"column":16},"end":{"line":78,"column":43}},"21":{"start":{"line":79,"column":16},"end":{"line":79,"column":39}},"22":{"start":{"line":80,"column":16},"end":{"line":80,"column":49}},"23":{"start":{"line":81,"column":16},"end":{"line":81,"column":44}},"24":{"start":{"line":82,"column":16},"end":{"line":82,"column":31}},"25":{"start":{"line":83,"column":16},"end":{"line":83,"column":29}},"26":{"start":{"line":84,"column":16},"end":{"line":84,"column":38}},"27":{"start":{"line":87,"column":16},"end":{"line":87,"column":41}},"28":{"start":{"line":90,"column":16},"end":{"line":90,"column":29}},"29":{"start":{"line":91,"column":16},"end":{"line":91,"column":52}},"30":{"start":{"line":97,"column":8},"end":{"line":97,"column":37}},"31":{"start":{"line":101,"column":28},"end":{"line":101,"column":52}},"32":{"start":{"line":102,"column":33},"end":{"line":102,"column":74}},"33":{"start":{"line":103,"column":8},"end":{"line":103,"column":39}},"34":{"start":{"line":104,"column":8},"end":{"line":104,"column":48}},"35":{"start":{"line":106,"column":8},"end":{"line":109,"column":28}},"36":{"start":{"line":107,"column":12},"end":{"line":107,"column":75}},"37":{"start":{"line":113,"column":8},"end":{"line":118,"column":9}},"38":{"start":{"line":114,"column":32},"end":{"line":114,"column":60}},"39":{"start":{"line":115,"column":12},"end":{"line":115,"column":47}},"40":{"start":{"line":116,"column":12},"end":{"line":116,"column":38}},"41":{"start":{"line":117,"column":12},"end":{"line":117,"column":24}},"42":{"start":{"line":119,"column":8},"end":{"line":119,"column":21}},"43":{"start":{"line":72,"column":0},"end":{"line":121,"column":1}},"44":{"start":{"line":128,"column":24},"end":{"line":128,"column":63}},"45":{"start":{"line":129,"column":25},"end":{"line":129,"column":83}},"46":{"start":{"line":130,"column":4},"end":{"line":130,"column":31}},"47":{"start":{"line":131,"column":4},"end":{"line":131,"column":23}},"48":{"start":{"line":123,"column":0},"end":{"line":132,"column":1}}},"fnMap":{"0":{"name":"(anonymous_0)","decl":{"start":{"line":8,"column":4},"end":{"line":8,"column":15}},"loc":{"start":{"line":8,"column":26},"end":{"line":11,"column":5}}},"1":{"name":"(anonymous_1)","decl":{"start":{"line":13,"column":11},"end":{"line":13,"column":18}},"loc":{"start":{"line":13,"column":19},"end":{"line":15,"column":5}}},"2":{"name":"(anonymous_2)","decl":{"start":{"line":32,"column":4},"end":{"line":32,"column":15}},"loc":{"start":{"line":32,"column":56},"end":{"line":35,"column":5}}},"3":{"name":"(anonymous_3)","decl":{"start":{"line":37,"column":11},"end":{"line":37,"column":24}},"loc":{"start":{"line":37,"column":25},"end":{"line":39,"column":5}}},"4":{"name":"(anonymous_4)","decl":{"start":{"line":45,"column":4},"end":{"line":45,"column":15}},"loc":{"start":{"line":45,"column":40},"end":{"line":47,"column":5}}},"5":{"name":"(anonymous_5)","decl":{"start":{"line":49,"column":11},"end":{"line":49,"column":24}},"loc":{"start":{"line":49,"column":25},"end":{"line":51,"column":5}}},"6":{"name":"(anonymous_6)","decl":{"start":{"line":60,"column":4},"end":{"line":60,"column":15}},"loc":{"start":{"line":60,"column":97},"end":{"line":65,"column":5}}},"7":{"name":"(anonymous_7)","decl":{"start":{"line":67,"column":11},"end":{"line":67,"column":24}},"loc":{"start":{"line":67,"column":25},"end":{"line":69,"column":5}}},"8":{"name":"(anonymous_8)","decl":{"start":{"line":75,"column":4},"end":{"line":75,"column":15}},"loc":{"start":{"line":75,"column":29},"end":{"line":94,"column":5}}},"9":{"name":"applyCharacterCreated","decl":{"start":{"line":77,"column":40},"end":{"line":77,"column":93}},"loc":{"start":{"line":77,"column":99},"end":{"line":85,"column":13}}},"10":{"name":"applyExperienceGained","decl":{"start":{"line":86,"column":40},"end":{"line":86,"column":93}},"loc":{"start":{"line":86,"column":99},"end":{"line":88,"column":13}}},"11":{"name":"levelGained","decl":{"start":{"line":89,"column":35},"end":{"line":89,"column":78}},"loc":{"start":{"line":89,"column":84},"end":{"line":92,"column":13}}},"12":{"name":"(anonymous_12)","decl":{"start":{"line":96,"column":11},"end":{"line":96,"column":17}},"loc":{"start":{"line":96,"column":18},"end":{"line":98,"column":5}}},"13":{"name":"(anonymous_13)","decl":{"start":{"line":100,"column":11},"end":{"line":100,"column":24}},"loc":{"start":{"line":100,"column":73},"end":{"line":110,"column":5}}},"14":{"name":"(anonymous_14)","decl":{"start":{"line":112,"column":12},"end":{"line":112,"column":27}},"loc":{"start":{"line":112,"column":86},"end":{"line":120,"column":5}}},"15":{"name":"createCharacter","decl":{"start":{"line":123,"column":0},"end":{"line":124,"column":3}},"loc":{"start":{"line":126,"column":29},"end":{"line":132,"column":1}}}},"branchMap":{"0":{"loc":{"start":{"line":113,"column":8},"end":{"line":118,"column":9}},"type":"if","locations":[{"start":{"line":113,"column":8},"end":{"line":118,"column":9}},{"start":{"line":113,"column":8},"end":{"line":118,"column":9}}]}},"s":{"0":3,"1":6,"2":6,"3":22,"4":3,"5":14,"6":14,"7":3,"8":3,"9":8,"10":2,"11":3,"12":11,"13":11,"14":11,"15":11,"16":6,"17":3,"18":12,"19":12,"20":11,"21":11,"22":11,"23":11,"24":11,"25":11,"26":11,"27":14,"28":8,"29":8,"30":4,"31":7,"32":7,"33":7,"34":7,"35":7,"36":12,"37":12,"38":5,"39":5,"40":5,"41":5,"42":7,"43":3,"44":4,"45":4,"46":4,"47":4,"48":3},"f":{"0":6,"1":22,"2":14,"3":3,"4":8,"5":2,"6":11,"7":6,"8":12,"9":11,"10":14,"11":8,"12":4,"13":7,"14":12,"15":4},"b":{"0":[5,7]}}
,"/Users/alex/Projects/mono/fubattle/packages/character/src/domain/CharacterClass.ts": {"path":"/Users/alex/Projects/mono/fubattle/packages/character/src/domain/CharacterClass.ts","statementMap":{"0":{"start":{"line":1,"column":0},"end":{"line":6,"column":1}},"1":{"start":{"line":2,"column":4},"end":{"line":2,"column":11}},"2":{"start":{"line":3,"column":4},"end":{"line":3,"column":10}},"3":{"start":{"line":4,"column":4},"end":{"line":4,"column":10}},"4":{"start":{"line":5,"column":4},"end":{"line":5,"column":9}}},"fnMap":{"0":{"name":"(anonymous_0)","decl":{"start":{"line":1,"column":0},"end":{"line":1,"column":11}},"loc":{"start":{"line":1,"column":26},"end":{"line":6,"column":1}}}},"branchMap":{"0":{"loc":{"start":{"line":1,"column":12},"end":{"line":1,"column":26}},"type":"binary-expr","locations":[{"start":{"line":1,"column":12},"end":{"line":1,"column":26}},{"start":{"line":1,"column":12},"end":{"line":1,"column":26}}]}},"s":{"0":1,"1":1,"2":1,"3":1,"4":1},"f":{"0":1},"b":{"0":[1,1]}}
,"/Users/alex/Projects/mono/fubattle/packages/character/src/infrastructure/CharacterRepository.ts": {"path":"/Users/alex/Projects/mono/fubattle/packages/character/src/infrastructure/CharacterRepository.ts","statementMap":{"0":{"start":{"line":2,"column":0},"end":{"line":2,"column":58}},"1":{"start":{"line":5,"column":11},"end":{"line":5,"column":45}},"2":{"start":{"line":9,"column":8},"end":{"line":9,"column":31}},"3":{"start":{"line":4,"column":0},"end":{"line":11,"column":1}},"4":{"start":{"line":17,"column":8},"end":{"line":17,"column":37}},"5":{"start":{"line":21,"column":23},"end":{"line":21,"column":53}},"6":{"start":{"line":22,"column":8},"end":{"line":22,"column":37}},"7":{"start":{"line":26,"column":23},"end":{"line":26,"column":72}},"8":{"start":{"line":27,"column":8},"end":{"line":29,"column":9}},"9":{"start":{"line":28,"column":12},"end":{"line":28,"column":41}},"10":{"start":{"line":30,"column":8},"end":{"line":30,"column":22}},"11":{"start":{"line":13,"column":0},"end":{"line":32,"column":1}}},"fnMap":{"0":{"name":"(anonymous_0)","decl":{"start":{"line":8,"column":4},"end":{"line":8,"column":15}},"loc":{"start":{"line":8,"column":53},"end":{"line":10,"column":5}}},"1":{"name":"(anonymous_1)","decl":{"start":{"line":16,"column":4},"end":{"line":16,"column":15}},"loc":{"start":{"line":16,"column":38},"end":{"line":18,"column":5}}},"2":{"name":"(anonymous_2)","decl":{"start":{"line":20,"column":11},"end":{"line":20,"column":22}},"loc":{"start":{"line":20,"column":48},"end":{"line":23,"column":5}}},"3":{"name":"(anonymous_3)","decl":{"start":{"line":25,"column":12},"end":{"line":25,"column":23}},"loc":{"start":{"line":25,"column":49},"end":{"line":31,"column":5}}}},"branchMap":{"0":{"loc":{"start":{"line":8,"column":34},"end":{"line":8,"column":53}},"type":"default-arg","locations":[{"start":{"line":8,"column":34},"end":{"line":8,"column":53}}]},"1":{"loc":{"start":{"line":27,"column":8},"end":{"line":29,"column":9}},"type":"if","locations":[{"start":{"line":27,"column":8},"end":{"line":29,"column":9}},{"start":{"line":27,"column":8},"end":{"line":29,"column":9}}]}},"s":{"0":2,"1":1,"2":1,"3":2,"4":6,"5":7,"6":6,"7":7,"8":7,"9":1,"10":6,"11":2},"f":{"0":1,"1":6,"2":7,"3":7},"b":{"0":[1],"1":[1,6]}}
}
