{"/Users/alex/Projects/mono/fubattle/packages/character/src/domain/Character.ts": {"path":"/Users/alex/Projects/mono/fubattle/packages/character/src/domain/Character.ts","statementMap":{"0":{"start":{"line":1,"column":0},"end":{"line":1,"column":75}},"1":{"start":{"line":4,"column":0},"end":{"line":4,"column":42}},"2":{"start":{"line":4,"column":33},"end":{"line":4,"column":42}},"3":{"start":{"line":8,"column":8},"end":{"line":8,"column":15}},"4":{"start":{"line":9,"column":8},"end":{"line":9,"column":21}},"5":{"start":{"line":12,"column":11},"end":{"line":14,"column":5}},"6":{"start":{"line":13,"column":8},"end":{"line":13,"column":39}},"7":{"start":{"line":15,"column":0},"end":{"line":15,"column":1}},"8":{"start":{"line":4,"column":13},"end":{"line":4,"column":24}},"9":{"start":{"line":27,"column":0},"end":{"line":39,"column":0}},"10":{"start":{"line":32,"column":8},"end":{"line":32,"column":29}},"11":{"start":{"line":33,"column":8},"end":{"line":33,"column":39}},"12":{"start":{"line":36,"column":11},"end":{"line":38,"column":5}},"13":{"start":{"line":37,"column":8},"end":{"line":37,"column":32}},"14":{"start":{"line":39,"column":0},"end":{"line":39,"column":1}},"15":{"start":{"line":27,"column":13},"end":{"line":27,"column":29}},"16":{"start":{"line":41,"column":0},"end":{"line":51,"column":0}},"17":{"start":{"line":45,"column":8},"end":{"line":45,"column":39}},"18":{"start":{"line":48,"column":11},"end":{"line":50,"column":5}},"19":{"start":{"line":49,"column":8},"end":{"line":49,"column":32}},"20":{"start":{"line":51,"column":0},"end":{"line":51,"column":1}},"21":{"start":{"line":41,"column":13},"end":{"line":41,"column":24}},"22":{"start":{"line":53,"column":0},"end":{"line":69,"column":0}},"23":{"start":{"line":60,"column":8},"end":{"line":60,"column":29}},"24":{"start":{"line":61,"column":8},"end":{"line":61,"column":25}},"25":{"start":{"line":62,"column":8},"end":{"line":62,"column":35}},"26":{"start":{"line":63,"column":8},"end":{"line":63,"column":39}},"27":{"start":{"line":66,"column":11},"end":{"line":68,"column":5}},"28":{"start":{"line":67,"column":8},"end":{"line":67,"column":32}},"29":{"start":{"line":69,"column":0},"end":{"line":69,"column":1}},"30":{"start":{"line":53,"column":13},"end":{"line":53,"column":29}},"31":{"start":{"line":71,"column":0},"end":{"line":116,"column":0}},"32":{"start":{"line":72,"column":12},"end":{"line":72,"column":67}},"33":{"start":{"line":75,"column":8},"end":{"line":92,"column":27}},"34":{"start":{"line":77,"column":16},"end":{"line":77,"column":43}},"35":{"start":{"line":78,"column":16},"end":{"line":78,"column":39}},"36":{"start":{"line":79,"column":16},"end":{"line":79,"column":49}},"37":{"start":{"line":80,"column":16},"end":{"line":80,"column":44}},"38":{"start":{"line":81,"column":16},"end":{"line":81,"column":31}},"39":{"start":{"line":82,"column":16},"end":{"line":82,"column":29}},"40":{"start":{"line":83,"column":16},"end":{"line":83,"column":38}},"41":{"start":{"line":86,"column":16},"end":{"line":86,"column":41}},"42":{"start":{"line":89,"column":16},"end":{"line":89,"column":29}},"43":{"start":{"line":90,"column":16},"end":{"line":90,"column":52}},"44":{"start":{"line":95,"column":11},"end":{"line":105,"column":5}},"45":{"start":{"line":96,"column":28},"end":{"line":96,"column":52}},"46":{"start":{"line":97,"column":33},"end":{"line":97,"column":74}},"47":{"start":{"line":98,"column":8},"end":{"line":98,"column":39}},"48":{"start":{"line":99,"column":8},"end":{"line":99,"column":48}},"49":{"start":{"line":101,"column":8},"end":{"line":104,"column":28}},"50":{"start":{"line":102,"column":12},"end":{"line":102,"column":75}},"51":{"start":{"line":107,"column":12},"end":{"line":115,"column":5}},"52":{"start":{"line":108,"column":8},"end":{"line":113,"column":9}},"53":{"start":{"line":109,"column":32},"end":{"line":109,"column":60}},"54":{"start":{"line":110,"column":12},"end":{"line":110,"column":47}},"55":{"start":{"line":111,"column":12},"end":{"line":111,"column":38}},"56":{"start":{"line":112,"column":12},"end":{"line":112,"column":24}},"57":{"start":{"line":114,"column":8},"end":{"line":114,"column":21}},"58":{"start":{"line":116,"column":0},"end":{"line":116,"column":1}},"59":{"start":{"line":71,"column":13},"end":{"line":71,"column":22}},"60":{"start":{"line":119,"column":24},"end":{"line":119,"column":63}},"61":{"start":{"line":120,"column":25},"end":{"line":120,"column":83}},"62":{"start":{"line":121,"column":4},"end":{"line":121,"column":31}},"63":{"start":{"line":122,"column":4},"end":{"line":122,"column":23}},"64":{"start":{"line":118,"column":0},"end":{"line":123,"column":1}}},"fnMap":{"0":{"name":"(anonymous_5)","decl":{"start":{"line":4,"column":0},"end":{"line":null,"column":-1}},"loc":{"start":{"line":4,"column":0},"end":{"line":4,"column":-1}}},"1":{"name":"CharacterId","decl":{"start":{"line":7,"column":4},"end":{"line":7,"column":15}},"loc":{"start":{"line":7,"column":26},"end":{"line":10,"column":5}}},"2":{"name":"(anonymous_7)","decl":{"start":{"line":12,"column":4},"end":{"line":null,"column":-1}},"loc":{"start":{"line":12,"column":4},"end":{"line":14,"column":5}}},"3":{"name":"(anonymous_8)","decl":{"start":{"line":27,"column":0},"end":{"line":null,"column":-1}},"loc":{"start":{"line":27,"column":0},"end":{"line":27,"column":-1}}},"4":{"name":"ExperienceGained","decl":{"start":{"line":31,"column":4},"end":{"line":31,"column":15}},"loc":{"start":{"line":31,"column":56},"end":{"line":34,"column":5}}},"5":{"name":"(anonymous_10)","decl":{"start":{"line":36,"column":4},"end":{"line":null,"column":-1}},"loc":{"start":{"line":36,"column":4},"end":{"line":38,"column":5}}},"6":{"name":"(anonymous_11)","decl":{"start":{"line":41,"column":0},"end":{"line":null,"column":-1}},"loc":{"start":{"line":41,"column":0},"end":{"line":41,"column":-1}}},"7":{"name":"LevelGained","decl":{"start":{"line":44,"column":4},"end":{"line":44,"column":15}},"loc":{"start":{"line":44,"column":40},"end":{"line":46,"column":5}}},"8":{"name":"(anonymous_13)","decl":{"start":{"line":48,"column":4},"end":{"line":null,"column":-1}},"loc":{"start":{"line":48,"column":4},"end":{"line":50,"column":5}}},"9":{"name":"(anonymous_14)","decl":{"start":{"line":53,"column":0},"end":{"line":null,"column":-1}},"loc":{"start":{"line":53,"column":0},"end":{"line":53,"column":-1}}},"10":{"name":"CharacterCreated","decl":{"start":{"line":59,"column":4},"end":{"line":59,"column":15}},"loc":{"start":{"line":59,"column":89},"end":{"line":64,"column":5}}},"11":{"name":"(anonymous_16)","decl":{"start":{"line":66,"column":4},"end":{"line":null,"column":-1}},"loc":{"start":{"line":66,"column":4},"end":{"line":68,"column":5}}},"12":{"name":"(anonymous_17)","decl":{"start":{"line":71,"column":0},"end":{"line":null,"column":-1}},"loc":{"start":{"line":71,"column":0},"end":{"line":71,"column":-1}}},"13":{"name":"Character","decl":{"start":{"line":74,"column":4},"end":{"line":74,"column":15}},"loc":{"start":{"line":74,"column":29},"end":{"line":93,"column":5}}},"14":{"name":"applyCharacterCreated","decl":{"start":{"line":76,"column":40},"end":{"line":76,"column":93}},"loc":{"start":{"line":76,"column":99},"end":{"line":84,"column":13}}},"15":{"name":"applyExperienceGained","decl":{"start":{"line":85,"column":40},"end":{"line":85,"column":93}},"loc":{"start":{"line":85,"column":99},"end":{"line":87,"column":13}}},"16":{"name":"levelGained","decl":{"start":{"line":88,"column":35},"end":{"line":88,"column":78}},"loc":{"start":{"line":88,"column":84},"end":{"line":91,"column":13}}},"17":{"name":"(anonymous_22)","decl":{"start":{"line":95,"column":4},"end":{"line":95,"column":25}},"loc":{"start":{"line":95,"column":73},"end":{"line":105,"column":5}}},"18":{"name":"(anonymous_23)","decl":{"start":{"line":107,"column":4},"end":{"line":107,"column":28}},"loc":{"start":{"line":107,"column":86},"end":{"line":115,"column":5}}},"19":{"name":"createCharacter","decl":{"start":{"line":118,"column":0},"end":{"line":118,"column":31}},"loc":{"start":{"line":118,"column":112},"end":{"line":123,"column":1}}}},"branchMap":{"0":{"loc":{"start":{"line":8,"column":8},"end":{"line":8,"column":15}},"type":"binary-expr","locations":[{"start":{"line":8,"column":8},"end":{"line":8,"column":15}},{"start":{"line":8,"column":15},"end":{"line":10,"column":4}}]},"1":{"loc":{"start":{"line":108,"column":8},"end":{"line":113,"column":9}},"type":"if","locations":[{"start":{"line":108,"column":8},"end":{"line":113,"column":9}},{"start":{"line":108,"column":8},"end":{"line":113,"column":9}}]}},"s":{"0":3,"1":3,"2":3,"3":6,"4":6,"5":3,"6":22,"7":3,"8":3,"9":3,"10":14,"11":14,"12":3,"13":3,"14":3,"15":3,"16":3,"17":8,"18":3,"19":2,"20":3,"21":3,"22":3,"23":11,"24":11,"25":11,"26":11,"27":3,"28":6,"29":3,"30":3,"31":3,"32":12,"33":12,"34":11,"35":11,"36":11,"37":11,"38":11,"39":11,"40":11,"41":14,"42":8,"43":8,"44":3,"45":7,"46":7,"47":7,"48":7,"49":7,"50":12,"51":3,"52":12,"53":5,"54":5,"55":5,"56":5,"57":7,"58":3,"59":3,"60":4,"61":4,"62":4,"63":4,"64":3},"f":{"0":3,"1":6,"2":22,"3":3,"4":14,"5":3,"6":3,"7":8,"8":2,"9":3,"10":11,"11":6,"12":3,"13":12,"14":11,"15":14,"16":8,"17":7,"18":12,"19":4},"b":{"0":[6,6],"1":[5,7]}}
,"/Users/alex/Projects/mono/fubattle/packages/character/src/infrastructure/CharacterRepository.ts": {"path":"/Users/alex/Projects/mono/fubattle/packages/character/src/infrastructure/CharacterRepository.ts","statementMap":{"0":{"start":{"line":2,"column":0},"end":{"line":2,"column":58}},"1":{"start":{"line":4,"column":0},"end":{"line":11,"column":0}},"2":{"start":{"line":8,"column":16},"end":{"line":8,"column":53}},"3":{"start":{"line":5,"column":11},"end":{"line":5,"column":45}},"4":{"start":{"line":9,"column":8},"end":{"line":9,"column":31}},"5":{"start":{"line":11,"column":0},"end":{"line":11,"column":1}},"6":{"start":{"line":4,"column":13},"end":{"line":4,"column":29}},"7":{"start":{"line":13,"column":0},"end":{"line":32,"column":0}},"8":{"start":{"line":17,"column":8},"end":{"line":17,"column":37}},"9":{"start":{"line":20,"column":11},"end":{"line":23,"column":5}},"10":{"start":{"line":21,"column":23},"end":{"line":21,"column":53}},"11":{"start":{"line":22,"column":8},"end":{"line":22,"column":37}},"12":{"start":{"line":25,"column":12},"end":{"line":31,"column":5}},"13":{"start":{"line":26,"column":23},"end":{"line":26,"column":72}},"14":{"start":{"line":27,"column":8},"end":{"line":29,"column":9}},"15":{"start":{"line":28,"column":12},"end":{"line":28,"column":41}},"16":{"start":{"line":30,"column":8},"end":{"line":30,"column":22}},"17":{"start":{"line":32,"column":0},"end":{"line":32,"column":1}},"18":{"start":{"line":13,"column":13},"end":{"line":13,"column":32}}},"fnMap":{"0":{"name":"(anonymous_0)","decl":{"start":{"line":4,"column":0},"end":{"line":null,"column":-1}},"loc":{"start":{"line":4,"column":0},"end":{"line":4,"column":-1}}},"1":{"name":"UnknownCharacter","decl":{"start":{"line":8,"column":4},"end":{"line":8,"column":15}},"loc":{"start":{"line":8,"column":53},"end":{"line":10,"column":5}}},"2":{"name":"(anonymous_2)","decl":{"start":{"line":13,"column":0},"end":{"line":null,"column":-1}},"loc":{"start":{"line":13,"column":0},"end":{"line":13,"column":-1}}},"3":{"name":"CharacterRepository","decl":{"start":{"line":16,"column":4},"end":{"line":16,"column":15}},"loc":{"start":{"line":16,"column":38},"end":{"line":18,"column":5}}},"4":{"name":"(anonymous_4)","decl":{"start":{"line":20,"column":4},"end":{"line":20,"column":23}},"loc":{"start":{"line":20,"column":48},"end":{"line":23,"column":5}}},"5":{"name":"(anonymous_5)","decl":{"start":{"line":25,"column":4},"end":{"line":25,"column":24}},"loc":{"start":{"line":25,"column":49},"end":{"line":31,"column":5}}}},"branchMap":{"0":{"loc":{"start":{"line":8,"column":16},"end":{"line":8,"column":53}},"type":"if","locations":[{"start":{"line":8,"column":16},"end":{"line":8,"column":53}},{"start":{"line":8,"column":16},"end":{"line":8,"column":53}}]},"1":{"loc":{"start":{"line":27,"column":8},"end":{"line":29,"column":9}},"type":"if","locations":[{"start":{"line":27,"column":8},"end":{"line":29,"column":9}},{"start":{"line":27,"column":8},"end":{"line":29,"column":9}}]}},"s":{"0":2,"1":2,"2":2,"3":1,"4":1,"5":2,"6":2,"7":2,"8":6,"9":2,"10":7,"11":6,"12":2,"13":7,"14":7,"15":1,"16":6,"17":2,"18":2},"f":{"0":2,"1":1,"2":2,"3":6,"4":7,"5":7},"b":{"0":[1,0],"1":[1,6]}}
}
