{"/Users/alex/Projects/mono/fubattle/packages/equipment/src/domain/Equipment.ts": {"path":"/Users/alex/Projects/mono/fubattle/packages/equipment/src/domain/Equipment.ts","statementMap":{"0":{"start":{"line":1,"column":0},"end":{"line":1,"column":51}},"1":{"start":{"line":2,"column":0},"end":{"line":2,"column":65}},"2":{"start":{"line":3,"column":0},"end":{"line":3,"column":39}},"3":{"start":{"line":5,"column":0},"end":{"line":16,"column":1}},"4":{"start":{"line":6,"column":4},"end":{"line":6,"column":9}},"5":{"start":{"line":7,"column":4},"end":{"line":7,"column":10}},"6":{"start":{"line":8,"column":4},"end":{"line":8,"column":10}},"7":{"start":{"line":9,"column":4},"end":{"line":9,"column":9}},"8":{"start":{"line":10,"column":4},"end":{"line":10,"column":9}},"9":{"start":{"line":11,"column":4},"end":{"line":11,"column":9}},"10":{"start":{"line":12,"column":4},"end":{"line":12,"column":11}},"11":{"start":{"line":13,"column":4},"end":{"line":13,"column":11}},"12":{"start":{"line":14,"column":4},"end":{"line":14,"column":11}},"13":{"start":{"line":15,"column":4},"end":{"line":15,"column":11}},"14":{"start":{"line":25,"column":0},"end":{"line":33,"column":0}},"15":{"start":{"line":30,"column":8},"end":{"line":30,"column":39}},"16":{"start":{"line":31,"column":8},"end":{"line":31,"column":25}},"17":{"start":{"line":33,"column":0},"end":{"line":33,"column":1}},"18":{"start":{"line":25,"column":13},"end":{"line":25,"column":25}},"19":{"start":{"line":35,"column":0},"end":{"line":43,"column":0}},"20":{"start":{"line":40,"column":8},"end":{"line":40,"column":39}},"21":{"start":{"line":41,"column":8},"end":{"line":41,"column":27}},"22":{"start":{"line":43,"column":0},"end":{"line":43,"column":1}},"23":{"start":{"line":35,"column":13},"end":{"line":35,"column":30}},"24":{"start":{"line":45,"column":0},"end":{"line":76,"column":0}},"25":{"start":{"line":46,"column":12},"end":{"line":46,"column":62}},"26":{"start":{"line":49,"column":8},"end":{"line":59,"column":27}},"27":{"start":{"line":51,"column":16},"end":{"line":51,"column":51}},"28":{"start":{"line":52,"column":16},"end":{"line":52,"column":47}},"29":{"start":{"line":53,"column":16},"end":{"line":53,"column":50}},"30":{"start":{"line":54,"column":16},"end":{"line":54,"column":65}},"31":{"start":{"line":57,"column":16},"end":{"line":57,"column":53}},"32":{"start":{"line":62,"column":11},"end":{"line":69,"column":5}},"33":{"start":{"line":63,"column":8},"end":{"line":65,"column":9}},"34":{"start":{"line":64,"column":12},"end":{"line":64,"column":19}},"35":{"start":{"line":66,"column":27},"end":{"line":66,"column":90}},"36":{"start":{"line":67,"column":8},"end":{"line":67,"column":42}},"37":{"start":{"line":68,"column":8},"end":{"line":68,"column":33}},"38":{"start":{"line":71,"column":11},"end":{"line":75,"column":5}},"39":{"start":{"line":72,"column":29},"end":{"line":72,"column":118}},"40":{"start":{"line":73,"column":8},"end":{"line":73,"column":44}},"41":{"start":{"line":74,"column":8},"end":{"line":74,"column":35}},"42":{"start":{"line":76,"column":0},"end":{"line":76,"column":1}},"43":{"start":{"line":45,"column":13},"end":{"line":45,"column":22}}},"fnMap":{"0":{"name":"(anonymous_0)","decl":{"start":{"line":5,"column":0},"end":{"line":5,"column":11}},"loc":{"start":{"line":5,"column":26},"end":{"line":16,"column":1}}},"1":{"name":"(anonymous_1)","decl":{"start":{"line":25,"column":0},"end":{"line":null,"column":-1}},"loc":{"start":{"line":25,"column":0},"end":{"line":25,"column":-1}}},"2":{"name":"ItemEquipped","decl":{"start":{"line":29,"column":4},"end":{"line":29,"column":15}},"loc":{"start":{"line":29,"column":54},"end":{"line":32,"column":5}}},"3":{"name":"(anonymous_3)","decl":{"start":{"line":35,"column":0},"end":{"line":null,"column":-1}},"loc":{"start":{"line":35,"column":0},"end":{"line":35,"column":-1}}},"4":{"name":"EquipmentUpgraded","decl":{"start":{"line":39,"column":4},"end":{"line":39,"column":15}},"loc":{"start":{"line":39,"column":63},"end":{"line":42,"column":5}}},"5":{"name":"(anonymous_5)","decl":{"start":{"line":45,"column":0},"end":{"line":null,"column":-1}},"loc":{"start":{"line":45,"column":0},"end":{"line":45,"column":-1}}},"6":{"name":"Equipment","decl":{"start":{"line":48,"column":4},"end":{"line":48,"column":15}},"loc":{"start":{"line":48,"column":35},"end":{"line":60,"column":5}}},"7":{"name":"(anonymous_7)","decl":{"start":{"line":50,"column":40},"end":{"line":50,"column":66}},"loc":{"start":{"line":50,"column":88},"end":{"line":55,"column":13}}},"8":{"name":"(anonymous_8)","decl":{"start":{"line":56,"column":36},"end":{"line":56,"column":62}},"loc":{"start":{"line":56,"column":80},"end":{"line":58,"column":13}}},"9":{"name":"(anonymous_9)","decl":{"start":{"line":62,"column":4},"end":{"line":62,"column":20}},"loc":{"start":{"line":62,"column":73},"end":{"line":69,"column":5}}},"10":{"name":"(anonymous_10)","decl":{"start":{"line":71,"column":4},"end":{"line":71,"column":18}},"loc":{"start":{"line":71,"column":51},"end":{"line":75,"column":5}}}},"branchMap":{"0":{"loc":{"start":{"line":5,"column":12},"end":{"line":5,"column":26}},"type":"binary-expr","locations":[{"start":{"line":5,"column":12},"end":{"line":5,"column":26}},{"start":{"line":5,"column":12},"end":{"line":5,"column":26}}]},"1":{"loc":{"start":{"line":63,"column":8},"end":{"line":65,"column":9}},"type":"if","locations":[{"start":{"line":63,"column":8},"end":{"line":65,"column":9}},{"start":{"line":63,"column":8},"end":{"line":65,"column":9}}]}},"s":{"0":1,"1":1,"2":1,"3":1,"4":1,"5":1,"6":1,"7":1,"8":1,"9":1,"10":1,"11":1,"12":1,"13":1,"14":1,"15":24,"16":24,"17":1,"18":1,"19":1,"20":2,"21":2,"22":1,"23":1,"24":1,"25":14,"26":14,"27":14,"28":14,"29":14,"30":14,"31":18,"32":1,"33":12,"34":6,"35":6,"36":6,"37":6,"38":1,"39":1,"40":1,"41":1,"42":1,"43":1},"f":{"0":1,"1":1,"2":24,"3":1,"4":2,"5":1,"6":14,"7":14,"8":18,"9":12,"10":1},"b":{"0":[1,1],"1":[6,6]}}
,"/Users/alex/Projects/mono/fubattle/packages/equipment/src/domain/Item.ts": {"path":"/Users/alex/Projects/mono/fubattle/packages/equipment/src/domain/Item.ts","statementMap":{"0":{"start":{"line":1,"column":0},"end":{"line":1,"column":42}},"1":{"start":{"line":3,"column":0},"end":{"line":3,"column":35}},"2":{"start":{"line":3,"column":26},"end":{"line":3,"column":35}},"3":{"start":{"line":6,"column":8},"end":{"line":6,"column":15}},"4":{"start":{"line":7,"column":8},"end":{"line":7,"column":25}},"5":{"start":{"line":10,"column":11},"end":{"line":12,"column":5}},"6":{"start":{"line":11,"column":8},"end":{"line":11,"column":31}},"7":{"start":{"line":13,"column":0},"end":{"line":13,"column":1}},"8":{"start":{"line":3,"column":13},"end":{"line":3,"column":17}}},"fnMap":{"0":{"name":"(anonymous_5)","decl":{"start":{"line":3,"column":0},"end":{"line":null,"column":-1}},"loc":{"start":{"line":3,"column":0},"end":{"line":3,"column":-1}}},"1":{"name":"Item","decl":{"start":{"line":5,"column":4},"end":{"line":5,"column":15}},"loc":{"start":{"line":5,"column":28},"end":{"line":8,"column":5}}},"2":{"name":"(anonymous_7)","decl":{"start":{"line":10,"column":4},"end":{"line":null,"column":-1}},"loc":{"start":{"line":10,"column":4},"end":{"line":12,"column":5}}}},"branchMap":{"0":{"loc":{"start":{"line":6,"column":8},"end":{"line":6,"column":15}},"type":"binary-expr","locations":[{"start":{"line":6,"column":8},"end":{"line":6,"column":15}},{"start":{"line":6,"column":15},"end":{"line":8,"column":4}}]}},"s":{"0":1,"1":1,"2":1,"3":90,"4":90,"5":1,"6":0,"7":1,"8":1},"f":{"0":1,"1":90,"2":0},"b":{"0":[90,90]}}
,"/Users/alex/Projects/mono/fubattle/packages/equipment/src/domain/ItemSet.ts": {"path":"/Users/alex/Projects/mono/fubattle/packages/equipment/src/domain/ItemSet.ts","statementMap":{"0":{"start":{"line":2,"column":0},"end":{"line":2,"column":27}},"1":{"start":{"line":3,"column":0},"end":{"line":3,"column":27}},"2":{"start":{"line":6,"column":4},"end":{"line":13,"column":6}},"3":{"start":{"line":5,"column":0},"end":{"line":14,"column":1}}},"fnMap":{"0":{"name":"createItemSet","decl":{"start":{"line":5,"column":0},"end":{"line":5,"column":29}},"loc":{"start":{"line":5,"column":51},"end":{"line":14,"column":1}}}},"branchMap":{},"s":{"0":1,"1":1,"2":15,"3":1},"f":{"0":15},"b":{}}
,"/Users/alex/Projects/mono/fubattle/packages/equipment/src/domain/Slot.ts": {"path":"/Users/alex/Projects/mono/fubattle/packages/equipment/src/domain/Slot.ts","statementMap":{"0":{"start":{"line":1,"column":0},"end":{"line":9,"column":0}},"1":{"start":{"line":5,"column":28},"end":{"line":5,"column":53}},"2":{"start":{"line":6,"column":8},"end":{"line":6,"column":25}},"3":{"start":{"line":7,"column":8},"end":{"line":7,"column":33}},"4":{"start":{"line":9,"column":0},"end":{"line":9,"column":1}},"5":{"start":{"line":1,"column":13},"end":{"line":1,"column":17}}},"fnMap":{"0":{"name":"(anonymous_0)","decl":{"start":{"line":1,"column":0},"end":{"line":null,"column":-1}},"loc":{"start":{"line":1,"column":0},"end":{"line":1,"column":-1}}},"1":{"name":"Slot","decl":{"start":{"line":5,"column":4},"end":{"line":5,"column":15}},"loc":{"start":{"line":5,"column":53},"end":{"line":8,"column":5}}}},"branchMap":{"0":{"loc":{"start":{"line":5,"column":28},"end":{"line":5,"column":53}},"type":"if","locations":[{"start":{"line":5,"column":28},"end":{"line":5,"column":53}},{"start":{"line":5,"column":28},"end":{"line":5,"column":53}}]}},"s":{"0":1,"1":180,"2":90,"3":90,"4":1,"5":1},"f":{"0":1,"1":90},"b":{"0":[90,0]}}
}
