{"/Users/alex/Projects/mono/fubattle/packages/equipment/src/domain/Equipment.ts": {"path":"/Users/alex/Projects/mono/fubattle/packages/equipment/src/domain/Equipment.ts","statementMap":{"0":{"start":{"line":1,"column":0},"end":{"line":1,"column":51}},"1":{"start":{"line":2,"column":0},"end":{"line":2,"column":65}},"2":{"start":{"line":3,"column":0},"end":{"line":3,"column":39}},"3":{"start":{"line":6,"column":0},"end":{"line":17,"column":1}},"4":{"start":{"line":7,"column":4},"end":{"line":7,"column":9}},"5":{"start":{"line":8,"column":4},"end":{"line":8,"column":10}},"6":{"start":{"line":9,"column":4},"end":{"line":9,"column":10}},"7":{"start":{"line":10,"column":4},"end":{"line":10,"column":9}},"8":{"start":{"line":11,"column":4},"end":{"line":11,"column":9}},"9":{"start":{"line":12,"column":4},"end":{"line":12,"column":9}},"10":{"start":{"line":13,"column":4},"end":{"line":13,"column":11}},"11":{"start":{"line":14,"column":4},"end":{"line":14,"column":11}},"12":{"start":{"line":15,"column":4},"end":{"line":15,"column":11}},"13":{"start":{"line":16,"column":4},"end":{"line":16,"column":11}},"14":{"start":{"line":26,"column":0},"end":{"line":35,"column":0}},"15":{"start":{"line":27,"column":11},"end":{"line":27,"column":44}},"16":{"start":{"line":32,"column":8},"end":{"line":32,"column":25}},"17":{"start":{"line":33,"column":8},"end":{"line":33,"column":52}},"18":{"start":{"line":35,"column":0},"end":{"line":35,"column":1}},"19":{"start":{"line":26,"column":13},"end":{"line":26,"column":28}},"20":{"start":{"line":37,"column":0},"end":{"line":45,"column":0}},"21":{"start":{"line":42,"column":8},"end":{"line":42,"column":39}},"22":{"start":{"line":43,"column":8},"end":{"line":43,"column":25}},"23":{"start":{"line":45,"column":0},"end":{"line":45,"column":1}},"24":{"start":{"line":37,"column":13},"end":{"line":37,"column":25}},"25":{"start":{"line":47,"column":0},"end":{"line":55,"column":0}},"26":{"start":{"line":52,"column":8},"end":{"line":52,"column":39}},"27":{"start":{"line":53,"column":8},"end":{"line":53,"column":27}},"28":{"start":{"line":55,"column":0},"end":{"line":55,"column":1}},"29":{"start":{"line":47,"column":13},"end":{"line":47,"column":30}},"30":{"start":{"line":57,"column":0},"end":{"line":93,"column":0}},"31":{"start":{"line":58,"column":12},"end":{"line":58,"column":62}},"32":{"start":{"line":61,"column":8},"end":{"line":71,"column":27}},"33":{"start":{"line":63,"column":16},"end":{"line":63,"column":51}},"34":{"start":{"line":64,"column":16},"end":{"line":64,"column":47}},"35":{"start":{"line":65,"column":16},"end":{"line":65,"column":50}},"36":{"start":{"line":66,"column":16},"end":{"line":66,"column":65}},"37":{"start":{"line":69,"column":16},"end":{"line":69,"column":53}},"38":{"start":{"line":74,"column":11},"end":{"line":81,"column":5}},"39":{"start":{"line":75,"column":8},"end":{"line":77,"column":9}},"40":{"start":{"line":76,"column":12},"end":{"line":76,"column":19}},"41":{"start":{"line":78,"column":27},"end":{"line":78,"column":90}},"42":{"start":{"line":79,"column":8},"end":{"line":79,"column":42}},"43":{"start":{"line":80,"column":8},"end":{"line":80,"column":33}},"44":{"start":{"line":83,"column":11},"end":{"line":92,"column":5}},"45":{"start":{"line":84,"column":37},"end":{"line":84,"column":101}},"46":{"start":{"line":84,"column":86},"end":{"line":84,"column":100}},"47":{"start":{"line":85,"column":8},"end":{"line":88,"column":9}},"48":{"start":{"line":86,"column":19},"end":{"line":86,"column":24}},"49":{"start":{"line":87,"column":12},"end":{"line":87,"column":45}},"50":{"start":{"line":89,"column":29},"end":{"line":89,"column":118}},"51":{"start":{"line":90,"column":8},"end":{"line":90,"column":44}},"52":{"start":{"line":91,"column":8},"end":{"line":91,"column":35}},"53":{"start":{"line":93,"column":0},"end":{"line":93,"column":1}},"54":{"start":{"line":57,"column":13},"end":{"line":57,"column":22}}},"fnMap":{"0":{"name":"(anonymous_0)","decl":{"start":{"line":6,"column":0},"end":{"line":6,"column":11}},"loc":{"start":{"line":6,"column":26},"end":{"line":17,"column":1}}},"1":{"name":"(anonymous_1)","decl":{"start":{"line":26,"column":0},"end":{"line":null,"column":-1}},"loc":{"start":{"line":26,"column":0},"end":{"line":26,"column":-1}}},"2":{"name":"SlotNotEquipped","decl":{"start":{"line":31,"column":4},"end":{"line":31,"column":15}},"loc":{"start":{"line":31,"column":28},"end":{"line":34,"column":5}}},"3":{"name":"(anonymous_3)","decl":{"start":{"line":37,"column":0},"end":{"line":null,"column":-1}},"loc":{"start":{"line":37,"column":0},"end":{"line":37,"column":-1}}},"4":{"name":"ItemEquipped","decl":{"start":{"line":41,"column":4},"end":{"line":41,"column":15}},"loc":{"start":{"line":41,"column":54},"end":{"line":44,"column":5}}},"5":{"name":"(anonymous_5)","decl":{"start":{"line":47,"column":0},"end":{"line":null,"column":-1}},"loc":{"start":{"line":47,"column":0},"end":{"line":47,"column":-1}}},"6":{"name":"EquipmentUpgraded","decl":{"start":{"line":51,"column":4},"end":{"line":51,"column":15}},"loc":{"start":{"line":51,"column":63},"end":{"line":54,"column":5}}},"7":{"name":"(anonymous_7)","decl":{"start":{"line":57,"column":0},"end":{"line":null,"column":-1}},"loc":{"start":{"line":57,"column":0},"end":{"line":57,"column":-1}}},"8":{"name":"Equipment","decl":{"start":{"line":60,"column":4},"end":{"line":60,"column":15}},"loc":{"start":{"line":60,"column":35},"end":{"line":72,"column":5}}},"9":{"name":"(anonymous_9)","decl":{"start":{"line":62,"column":40},"end":{"line":62,"column":66}},"loc":{"start":{"line":62,"column":88},"end":{"line":67,"column":13}}},"10":{"name":"(anonymous_10)","decl":{"start":{"line":68,"column":36},"end":{"line":68,"column":62}},"loc":{"start":{"line":68,"column":80},"end":{"line":70,"column":13}}},"11":{"name":"(anonymous_11)","decl":{"start":{"line":74,"column":4},"end":{"line":74,"column":20}},"loc":{"start":{"line":74,"column":73},"end":{"line":81,"column":5}}},"12":{"name":"(anonymous_12)","decl":{"start":{"line":83,"column":4},"end":{"line":83,"column":18}},"loc":{"start":{"line":83,"column":51},"end":{"line":92,"column":5}}},"13":{"name":"(anonymous_13)","decl":{"start":{"line":84,"column":70},"end":{"line":84,"column":70}},"loc":{"start":{"line":84,"column":81},"end":{"line":84,"column":100}}}},"branchMap":{"0":{"loc":{"start":{"line":6,"column":12},"end":{"line":6,"column":26}},"type":"binary-expr","locations":[{"start":{"line":6,"column":12},"end":{"line":6,"column":26}},{"start":{"line":6,"column":12},"end":{"line":6,"column":26}}]},"1":{"loc":{"start":{"line":75,"column":8},"end":{"line":77,"column":9}},"type":"if","locations":[{"start":{"line":75,"column":8},"end":{"line":77,"column":9}},{"start":{"line":75,"column":8},"end":{"line":77,"column":9}}]},"2":{"loc":{"start":{"line":85,"column":8},"end":{"line":88,"column":9}},"type":"if","locations":[{"start":{"line":85,"column":8},"end":{"line":88,"column":9}},{"start":{"line":85,"column":8},"end":{"line":88,"column":9}}]}},"s":{"0":1,"1":1,"2":1,"3":1,"4":1,"5":1,"6":1,"7":1,"8":1,"9":1,"10":1,"11":1,"12":1,"13":1,"14":1,"15":2,"16":2,"17":2,"18":1,"19":1,"20":1,"21":29,"22":29,"23":1,"24":1,"25":1,"26":3,"27":3,"28":1,"29":1,"30":1,"31":15,"32":15,"33":15,"34":15,"35":15,"36":15,"37":23,"38":1,"39":12,"40":6,"41":6,"42":6,"43":6,"44":1,"45":2,"46":9,"47":2,"48":1,"49":1,"50":1,"51":1,"52":1,"53":1,"54":1},"f":{"0":1,"1":1,"2":2,"3":1,"4":29,"5":1,"6":3,"7":1,"8":15,"9":15,"10":23,"11":12,"12":2,"13":9},"b":{"0":[1,1],"1":[6,6],"2":[1,1]}}
,"/Users/alex/Projects/mono/fubattle/packages/equipment/src/domain/Item.ts": {"path":"/Users/alex/Projects/mono/fubattle/packages/equipment/src/domain/Item.ts","statementMap":{"0":{"start":{"line":1,"column":0},"end":{"line":1,"column":42}},"1":{"start":{"line":3,"column":0},"end":{"line":3,"column":35}},"2":{"start":{"line":3,"column":26},"end":{"line":3,"column":35}},"3":{"start":{"line":6,"column":8},"end":{"line":6,"column":15}},"4":{"start":{"line":7,"column":8},"end":{"line":7,"column":25}},"5":{"start":{"line":10,"column":11},"end":{"line":12,"column":5}},"6":{"start":{"line":11,"column":8},"end":{"line":11,"column":31}},"7":{"start":{"line":13,"column":0},"end":{"line":13,"column":1}},"8":{"start":{"line":3,"column":13},"end":{"line":3,"column":17}}},"fnMap":{"0":{"name":"(anonymous_5)","decl":{"start":{"line":3,"column":0},"end":{"line":null,"column":-1}},"loc":{"start":{"line":3,"column":0},"end":{"line":3,"column":-1}}},"1":{"name":"Item","decl":{"start":{"line":5,"column":4},"end":{"line":5,"column":15}},"loc":{"start":{"line":5,"column":28},"end":{"line":8,"column":5}}},"2":{"name":"(anonymous_7)","decl":{"start":{"line":10,"column":4},"end":{"line":null,"column":-1}},"loc":{"start":{"line":10,"column":4},"end":{"line":12,"column":5}}}},"branchMap":{"0":{"loc":{"start":{"line":6,"column":8},"end":{"line":6,"column":15}},"type":"binary-expr","locations":[{"start":{"line":6,"column":8},"end":{"line":6,"column":15}},{"start":{"line":6,"column":15},"end":{"line":8,"column":4}}]}},"s":{"0":1,"1":1,"2":1,"3":96,"4":96,"5":1,"6":0,"7":1,"8":1},"f":{"0":1,"1":96,"2":0},"b":{"0":[96,96]}}
,"/Users/alex/Projects/mono/fubattle/packages/equipment/src/domain/ItemSet.ts": {"path":"/Users/alex/Projects/mono/fubattle/packages/equipment/src/domain/ItemSet.ts","statementMap":{"0":{"start":{"line":2,"column":0},"end":{"line":2,"column":27}},"1":{"start":{"line":3,"column":0},"end":{"line":3,"column":27}},"2":{"start":{"line":6,"column":4},"end":{"line":13,"column":6}},"3":{"start":{"line":5,"column":0},"end":{"line":14,"column":1}}},"fnMap":{"0":{"name":"createItemSet","decl":{"start":{"line":5,"column":0},"end":{"line":5,"column":29}},"loc":{"start":{"line":5,"column":51},"end":{"line":14,"column":1}}}},"branchMap":{},"s":{"0":1,"1":1,"2":16,"3":1},"f":{"0":16},"b":{}}
,"/Users/alex/Projects/mono/fubattle/packages/equipment/src/domain/Slot.ts": {"path":"/Users/alex/Projects/mono/fubattle/packages/equipment/src/domain/Slot.ts","statementMap":{"0":{"start":{"line":1,"column":0},"end":{"line":11,"column":0}},"1":{"start":{"line":6,"column":43},"end":{"line":6,"column":68}},"2":{"start":{"line":7,"column":8},"end":{"line":7,"column":25}},"3":{"start":{"line":8,"column":8},"end":{"line":8,"column":27}},"4":{"start":{"line":9,"column":8},"end":{"line":9,"column":33}},"5":{"start":{"line":11,"column":0},"end":{"line":11,"column":1}},"6":{"start":{"line":1,"column":13},"end":{"line":1,"column":17}}},"fnMap":{"0":{"name":"(anonymous_0)","decl":{"start":{"line":1,"column":0},"end":{"line":null,"column":-1}},"loc":{"start":{"line":1,"column":0},"end":{"line":1,"column":-1}}},"1":{"name":"Slot","decl":{"start":{"line":6,"column":4},"end":{"line":6,"column":15}},"loc":{"start":{"line":6,"column":68},"end":{"line":10,"column":5}}}},"branchMap":{"0":{"loc":{"start":{"line":6,"column":43},"end":{"line":6,"column":68}},"type":"if","locations":[{"start":{"line":6,"column":43},"end":{"line":6,"column":68}},{"start":{"line":6,"column":43},"end":{"line":6,"column":68}}]}},"s":{"0":1,"1":192,"2":96,"3":96,"4":96,"5":1,"6":1},"f":{"0":1,"1":96},"b":{"0":[96,0]}}
}
