{"/Users/alex/Projects/fubattle/packages/battle/src/domain/Battle.ts": {"path":"/Users/alex/Projects/fubattle/packages/battle/src/domain/Battle.ts","statementMap":{"0":{"start":{"line":1,"column":0},"end":{"line":1,"column":87}},"1":{"start":{"line":7,"column":8},"end":{"line":7,"column":16}},"2":{"start":{"line":8,"column":8},"end":{"line":8,"column":27}},"3":{"start":{"line":12,"column":8},"end":{"line":12,"column":42}},"4":{"start":{"line":3,"column":0},"end":{"line":14,"column":1}},"5":{"start":{"line":20,"column":8},"end":{"line":20,"column":33}},"6":{"start":{"line":24,"column":8},"end":{"line":24,"column":29}},"7":{"start":{"line":16,"column":0},"end":{"line":26,"column":1}},"8":{"start":{"line":33,"column":4},"end":{"line":33,"column":85}},"9":{"start":{"line":36,"column":8},"end":{"line":40,"column":27}},"10":{"start":{"line":38,"column":16},"end":{"line":38,"column":45}},"11":{"start":{"line":44,"column":8},"end":{"line":44,"column":37}},"12":{"start":{"line":32,"column":0},"end":{"line":46,"column":1}},"13":{"start":{"line":49,"column":21},"end":{"line":49,"column":57}},"14":{"start":{"line":50,"column":26},"end":{"line":50,"column":53}},"15":{"start":{"line":51,"column":4},"end":{"line":51,"column":32}},"16":{"start":{"line":52,"column":4},"end":{"line":52,"column":20}},"17":{"start":{"line":48,"column":0},"end":{"line":53,"column":1}}},"fnMap":{"0":{"name":"(anonymous_0)","decl":{"start":{"line":6,"column":4},"end":{"line":6,"column":15}},"loc":{"start":{"line":6,"column":26},"end":{"line":9,"column":5}}},"1":{"name":"(anonymous_1)","decl":{"start":{"line":11,"column":4},"end":{"line":11,"column":11}},"loc":{"start":{"line":11,"column":12},"end":{"line":13,"column":5}}},"2":{"name":"(anonymous_2)","decl":{"start":{"line":19,"column":4},"end":{"line":19,"column":15}},"loc":{"start":{"line":19,"column":34},"end":{"line":21,"column":5}}},"3":{"name":"(anonymous_3)","decl":{"start":{"line":23,"column":4},"end":{"line":23,"column":17}},"loc":{"start":{"line":23,"column":18},"end":{"line":25,"column":5}}},"4":{"name":"(anonymous_4)","decl":{"start":{"line":35,"column":4},"end":{"line":35,"column":15}},"loc":{"start":{"line":35,"column":49},"end":{"line":41,"column":5}}},"5":{"name":"(anonymous_5)","decl":{"start":{"line":37,"column":37},"end":{"line":37,"column":64}},"loc":{"start":{"line":37,"column":83},"end":{"line":39,"column":13}}},"6":{"name":"(anonymous_6)","decl":{"start":{"line":43,"column":4},"end":{"line":43,"column":10}},"loc":{"start":{"line":43,"column":11},"end":{"line":45,"column":5}}},"7":{"name":"createBattle","decl":{"start":{"line":48,"column":0},"end":{"line":48,"column":28}},"loc":{"start":{"line":48,"column":68},"end":{"line":53,"column":1}}}},"branchMap":{},"s":{"0":1,"1":2,"2":2,"3":0,"4":1,"5":3,"6":0,"7":1,"8":2,"9":2,"10":1,"11":2,"12":1,"13":1,"14":1,"15":1,"16":1,"17":1},"f":{"0":2,"1":0,"2":3,"3":0,"4":2,"5":1,"6":2,"7":1},"b":{}}
}
